<?xml version="1.0" encoding="UTF-8"?>
<testng-results ignored="0" total="1" passed="1" failed="0" skipped="0">
  <reporter-output>
  </reporter-output>
  <suite started-at="2022-01-09T16:46:44 IST" name="Suite" finished-at="2022-01-09T16:46:57 IST" duration-ms="12439">
    <groups>
    </groups>
    <test started-at="2022-01-09T16:46:44 IST" name="Test" finished-at="2022-01-09T16:46:57 IST" duration-ms="12439">
      <class name="freecharge.Myntra.AutomationSuite.ShoppingTest">
        <test-method is-config="true" signature="deleteExistingReport()[pri:0, instance:freecharge.Myntra.AutomationSuite.ShoppingTest@14555e0a]" started-at="2022-01-09T16:46:44 IST" name="deleteExistingReport" finished-at="2022-01-09T16:46:44 IST" duration-ms="6" status="PASS">
          <reporter-output>
          </reporter-output>
        </test-method> <!-- deleteExistingReport -->
        <test-method is-config="true" signature="beforeClass()[pri:0, instance:freecharge.Myntra.AutomationSuite.ShoppingTest@14555e0a]" started-at="2022-01-09T16:46:44 IST" name="beforeClass" finished-at="2022-01-09T16:46:54 IST" duration-ms="10059" status="PASS">
          <reporter-output>
          </reporter-output>
        </test-method> <!-- beforeClass -->
        <test-method is-config="true" signature="testNameDefault()[pri:0, instance:freecharge.Myntra.AutomationSuite.ShoppingTest@14555e0a]" started-at="2022-01-09T16:46:55 IST" name="testNameDefault" finished-at="2022-01-09T16:46:55 IST" duration-ms="1" status="PASS">
          <reporter-output>
          </reporter-output>
        </test-method> <!-- testNameDefault -->
        <test-method signature="verifyShopping(java.lang.String,java.lang.String,java.lang.String,java.lang.String)[pri:0, instance:freecharge.Myntra.AutomationSuite.ShoppingTest@14555e0a]" started-at="2022-01-09T16:46:55 IST" name="verifyShopping" data-provider="dataForUserAddress" finished-at="2022-01-09T16:46:56 IST" duration-ms="1070" status="PASS">
          <params>
            <param index="0">
              <value>
                <![CDATA[TestName]]>
              </value>
            </param>
            <param index="1">
              <value>
                <![CDATA[F706,Pebbles]]>
              </value>
            </param>
            <param index="2">
              <value>
                <![CDATA[Pune]]>
              </value>
            </param>
            <param index="3">
              <value>
                <![CDATA[411021]]>
              </value>
            </param>
          </params>
          <reporter-output>
          </reporter-output>
        </test-method> <!-- verifyShopping -->
        <test-method is-config="true" signature="afterMethod(org.testng.ITestResult)[pri:0, instance:freecharge.Myntra.AutomationSuite.ShoppingTest@14555e0a]" started-at="2022-01-09T16:46:56 IST" name="afterMethod" finished-at="2022-01-09T16:46:56 IST" duration-ms="2" status="PASS">
          <params>
            <param index="0">
              <value>
                <![CDATA[[TestResult name=verifyShopping status=SUCCESS method=ShoppingTest.verifyShopping(java.lang.String,java.lang.String,java.lang.String,java.lang.String)[pri:0, instance:freecharge.Myntra.AutomationSuite.ShoppingTest@14555e0a] output={null}]]]>
              </value>
            </param>
          </params>
          <reporter-output>
          </reporter-output>
        </test-method> <!-- afterMethod -->
        <test-method is-config="true" signature="closeAll()[pri:0, instance:freecharge.Myntra.AutomationSuite.ShoppingTest@14555e0a]" started-at="2022-01-09T16:46:56 IST" name="closeAll" finished-at="2022-01-09T16:46:57 IST" duration-ms="714" status="PASS">
          <reporter-output>
          </reporter-output>
        </test-method> <!-- closeAll -->
      </class> <!-- freecharge.Myntra.AutomationSuite.ShoppingTest -->
    </test> <!-- Test -->
  </suite> <!-- Suite -->
</testng-results>
