<?xml version="1.0" encoding="UTF-8"?>
<testng-results ignored="0" total="1" passed="1" failed="0" skipped="0">
  <reporter-output>
  </reporter-output>
  <suite started-at="2021-12-28T08:11:36 IST" name="Suite" finished-at="2021-12-28T08:11:53 IST" duration-ms="16769">
    <groups>
    </groups>
    <test started-at="2021-12-28T08:11:36 IST" name="Test" finished-at="2021-12-28T08:11:53 IST" duration-ms="16769">
      <class name="freecharge.Myntra.AutomationSuite.ShoppingTest">
        <test-method is-config="true" signature="deleteExistingReport()[pri:0, instance:freecharge.Myntra.AutomationSuite.ShoppingTest@273e7444]" started-at="2021-12-28T08:11:36 IST" name="deleteExistingReport" finished-at="2021-12-28T08:11:36 IST" duration-ms="5" status="PASS">
          <reporter-output>
          </reporter-output>
        </test-method> <!-- deleteExistingReport -->
        <test-method is-config="true" signature="beforeClass()[pri:0, instance:freecharge.Myntra.AutomationSuite.ShoppingTest@273e7444]" started-at="2021-12-28T08:11:36 IST" name="beforeClass" finished-at="2021-12-28T08:11:40 IST" duration-ms="3801" status="PASS">
          <reporter-output>
          </reporter-output>
        </test-method> <!-- beforeClass -->
        <test-method is-config="true" signature="testNameDefault()[pri:0, instance:freecharge.Myntra.AutomationSuite.ShoppingTest@273e7444]" started-at="2021-12-28T08:11:40 IST" name="testNameDefault" finished-at="2021-12-28T08:11:40 IST" duration-ms="1" status="PASS">
          <reporter-output>
          </reporter-output>
        </test-method> <!-- testNameDefault -->
        <test-method signature="verifyShopping()[pri:0, instance:freecharge.Myntra.AutomationSuite.ShoppingTest@273e7444]" started-at="2021-12-28T08:11:40 IST" name="verifyShopping" finished-at="2021-12-28T08:11:52 IST" duration-ms="11892" status="PASS">
          <reporter-output>
          </reporter-output>
        </test-method> <!-- verifyShopping -->
        <test-method is-config="true" signature="afterMethod(org.testng.ITestResult)[pri:0, instance:freecharge.Myntra.AutomationSuite.ShoppingTest@273e7444]" started-at="2021-12-28T08:11:52 IST" name="afterMethod" finished-at="2021-12-28T08:11:52 IST" duration-ms="3" status="PASS">
          <params>
            <param index="0">
              <value>
                <![CDATA[[TestResult name=verifyShopping status=SUCCESS method=ShoppingTest.verifyShopping()[pri:0, instance:freecharge.Myntra.AutomationSuite.ShoppingTest@273e7444] output={null}]]]>
              </value>
            </param>
          </params>
          <reporter-output>
          </reporter-output>
        </test-method> <!-- afterMethod -->
        <test-method is-config="true" signature="closeAll()[pri:0, instance:freecharge.Myntra.AutomationSuite.ShoppingTest@273e7444]" started-at="2021-12-28T08:11:52 IST" name="closeAll" finished-at="2021-12-28T08:11:53 IST" duration-ms="665" status="PASS">
          <reporter-output>
          </reporter-output>
        </test-method> <!-- closeAll -->
      </class> <!-- freecharge.Myntra.AutomationSuite.ShoppingTest -->
    </test> <!-- Test -->
  </suite> <!-- Suite -->
</testng-results>
